<?xml version="1.0" encoding="UTF-8"?>
<testng-results ignored="0" total="9" passed="9" failed="0" skipped="0">
  <reporter-output>
    <line>
      <![CDATA[Surefire suite has started execution]]>
    </line>
    <line>
      <![CDATA[addAddressTest test script has started execution]]>
    </line>
    <line>
      <![CDATA[addAddressTest test script has successfully executed]]>
    </line>
    <line>
      <![CDATA[demo3Test test script has started execution]]>
    </line>
    <line>
      <![CDATA[Demo 3 Executing]]>
    </line>
    <line>
      <![CDATA[demo3Test test script has successfully executed]]>
    </line>
    <line>
      <![CDATA[demoTest test script has started execution]]>
    </line>
    <line>
      <![CDATA[demoTest test script has successfully executed]]>
    </line>
    <line>
      <![CDATA[loginTest test script has started execution]]>
    </line>
    <line>
      <![CDATA[loginTest test script has successfully executed]]>
    </line>
    <line>
      <![CDATA[loginTest test script has started execution]]>
    </line>
    <line>
      <![CDATA[loginTest test script has successfully executed]]>
    </line>
    <line>
      <![CDATA[loginTest test script has started execution]]>
    </line>
    <line>
      <![CDATA[loginTest test script has successfully executed]]>
    </line>
    <line>
      <![CDATA[loginTest test script has started execution]]>
    </line>
    <line>
      <![CDATA[loginTest test script has successfully executed]]>
    </line>
    <line>
      <![CDATA[loginTest test script has started execution]]>
    </line>
    <line>
      <![CDATA[loginTest test script has successfully executed]]>
    </line>
    <line>
      <![CDATA[loginTest test script has started execution]]>
    </line>
    <line>
      <![CDATA[loginTest test script has successfully executed]]>
    </line>
  </reporter-output>
  <suite started-at="2024-06-02T17:57:11 IST" name="Surefire suite" finished-at="2024-06-02T17:58:10 IST" duration-ms="59634">
    <groups>
    </groups>
    <test started-at="2024-06-02T17:57:11 IST" name="Surefire test" finished-at="2024-06-02T17:58:10 IST" duration-ms="59634">
      <class name="demo.AddAdressTest">
        <test-method is-config="true" signature="openBrowser()[pri:0, instance:demo.AddAdressTest@36c88a32]" started-at="2024-06-02T17:57:11 IST" name="openBrowser" finished-at="2024-06-02T17:57:15 IST" duration-ms="4923" status="PASS">
          <reporter-output>
          </reporter-output>
        </test-method> <!-- openBrowser -->
        <test-method is-config="true" signature="login()[pri:0, instance:demo.AddAdressTest@36c88a32]" started-at="2024-06-02T17:57:15 IST" name="login" finished-at="2024-06-02T17:57:17 IST" duration-ms="1823" status="PASS">
          <reporter-output>
          </reporter-output>
        </test-method> <!-- login -->
        <test-method signature="addAddressTest()[pri:0, instance:demo.AddAdressTest@36c88a32]" started-at="2024-06-02T17:57:17 IST" name="addAddressTest" finished-at="2024-06-02T17:57:17 IST" duration-ms="30" status="PASS">
          <reporter-output>
            <line>
              <![CDATA[addAddressTest test script has started execution]]>
            </line>
            <line>
              <![CDATA[addAddressTest test script has successfully executed]]>
            </line>
          </reporter-output>
        </test-method> <!-- addAddressTest -->
        <test-method is-config="true" signature="logout()[pri:0, instance:demo.AddAdressTest@36c88a32]" started-at="2024-06-02T17:57:17 IST" name="logout" finished-at="2024-06-02T17:57:18 IST" duration-ms="764" status="PASS">
          <reporter-output>
          </reporter-output>
        </test-method> <!-- logout -->
        <test-method is-config="true" signature="closeBrowser()[pri:0, instance:demo.AddAdressTest@36c88a32]" started-at="2024-06-02T17:57:18 IST" name="closeBrowser" finished-at="2024-06-02T17:57:19 IST" duration-ms="1370" status="PASS">
          <reporter-output>
          </reporter-output>
        </test-method> <!-- closeBrowser -->
      </class> <!-- demo.AddAdressTest -->
      <class name="demo.DemoTest">
        <test-method signature="demoTest()[pri:0, instance:demo.DemoTest@78b66d36]" started-at="2024-06-02T17:57:27 IST" name="demoTest" finished-at="2024-06-02T17:57:28 IST" duration-ms="403" status="PASS">
          <reporter-output>
            <line>
              <![CDATA[demoTest test script has started execution]]>
            </line>
            <line>
              <![CDATA[demoTest test script has successfully executed]]>
            </line>
          </reporter-output>
        </test-method> <!-- demoTest -->
      </class> <!-- demo.DemoTest -->
      <class name="shopperstack.functionalscripts.LoginFunctionalTest">
        <test-method signature="loginTest(java.lang.String,java.lang.String)[pri:0, instance:shopperstack.functionalscripts.LoginFunctionalTest@5223e5ee]" started-at="2024-06-02T17:57:29 IST" name="loginTest" data-provider="dataSupplier" finished-at="2024-06-02T17:57:36 IST" duration-ms="6965" status="PASS">
          <params>
            <param index="0">
              <value>
                <![CDATA[email1@gmail.com]]>
              </value>
            </param>
            <param index="1">
              <value>
                <![CDATA[Password@1]]>
              </value>
            </param>
          </params>
          <reporter-output>
            <line>
              <![CDATA[loginTest test script has started execution]]>
            </line>
            <line>
              <![CDATA[loginTest test script has successfully executed]]>
            </line>
          </reporter-output>
        </test-method> <!-- loginTest -->
        <test-method signature="loginTest(java.lang.String,java.lang.String)[pri:0, instance:shopperstack.functionalscripts.LoginFunctionalTest@5223e5ee]" started-at="2024-06-02T17:57:36 IST" name="loginTest" data-provider="dataSupplier" finished-at="2024-06-02T17:57:43 IST" duration-ms="6921" status="PASS">
          <params>
            <param index="0">
              <value>
                <![CDATA[email2@gmail.com]]>
              </value>
            </param>
            <param index="1">
              <value>
                <![CDATA[Password@2]]>
              </value>
            </param>
          </params>
          <reporter-output>
            <line>
              <![CDATA[loginTest test script has started execution]]>
            </line>
            <line>
              <![CDATA[loginTest test script has successfully executed]]>
            </line>
          </reporter-output>
        </test-method> <!-- loginTest -->
        <test-method signature="loginTest(java.lang.String,java.lang.String)[pri:0, instance:shopperstack.functionalscripts.LoginFunctionalTest@5223e5ee]" started-at="2024-06-02T17:57:43 IST" name="loginTest" data-provider="dataSupplier" finished-at="2024-06-02T17:57:49 IST" duration-ms="6743" status="PASS">
          <params>
            <param index="0">
              <value>
                <![CDATA[email3@gmail.com]]>
              </value>
            </param>
            <param index="1">
              <value>
                <![CDATA[Password@3]]>
              </value>
            </param>
          </params>
          <reporter-output>
            <line>
              <![CDATA[loginTest test script has started execution]]>
            </line>
            <line>
              <![CDATA[loginTest test script has successfully executed]]>
            </line>
          </reporter-output>
        </test-method> <!-- loginTest -->
        <test-method signature="loginTest(java.lang.String,java.lang.String)[pri:0, instance:shopperstack.functionalscripts.LoginFunctionalTest@5223e5ee]" started-at="2024-06-02T17:57:49 IST" name="loginTest" data-provider="dataSupplier" finished-at="2024-06-02T17:57:56 IST" duration-ms="6906" status="PASS">
          <params>
            <param index="0">
              <value>
                <![CDATA[email4@gmail.com]]>
              </value>
            </param>
            <param index="1">
              <value>
                <![CDATA[Password@4]]>
              </value>
            </param>
          </params>
          <reporter-output>
            <line>
              <![CDATA[loginTest test script has started execution]]>
            </line>
            <line>
              <![CDATA[loginTest test script has successfully executed]]>
            </line>
          </reporter-output>
        </test-method> <!-- loginTest -->
        <test-method signature="loginTest(java.lang.String,java.lang.String)[pri:0, instance:shopperstack.functionalscripts.LoginFunctionalTest@5223e5ee]" started-at="2024-06-02T17:57:56 IST" name="loginTest" data-provider="dataSupplier" finished-at="2024-06-02T17:58:03 IST" duration-ms="6788" status="PASS">
          <params>
            <param index="0">
              <value>
                <![CDATA[email5@gmail.com]]>
              </value>
            </param>
            <param index="1">
              <value>
                <![CDATA[Password@5]]>
              </value>
            </param>
          </params>
          <reporter-output>
            <line>
              <![CDATA[loginTest test script has started execution]]>
            </line>
            <line>
              <![CDATA[loginTest test script has successfully executed]]>
            </line>
          </reporter-output>
        </test-method> <!-- loginTest -->
        <test-method signature="loginTest(java.lang.String,java.lang.String)[pri:0, instance:shopperstack.functionalscripts.LoginFunctionalTest@5223e5ee]" started-at="2024-06-02T17:58:03 IST" name="loginTest" data-provider="dataSupplier" finished-at="2024-06-02T17:58:10 IST" duration-ms="7056" status="PASS">
          <params>
            <param index="0">
              <value>
                <![CDATA[email6@gmail.com]]>
              </value>
            </param>
            <param index="1">
              <value>
                <![CDATA[Password@6]]>
              </value>
            </param>
          </params>
          <reporter-output>
            <line>
              <![CDATA[loginTest test script has started execution]]>
            </line>
            <line>
              <![CDATA[loginTest test script has successfully executed]]>
            </line>
          </reporter-output>
        </test-method> <!-- loginTest -->
      </class> <!-- shopperstack.functionalscripts.LoginFunctionalTest -->
      <class name="demo.Demo3Test">
        <test-method is-config="true" signature="openBrowser()[pri:0, instance:demo.Demo3Test@7ce3cb8e]" started-at="2024-06-02T17:57:19 IST" name="openBrowser" finished-at="2024-06-02T17:57:23 IST" duration-ms="3967" status="PASS">
          <reporter-output>
          </reporter-output>
        </test-method> <!-- openBrowser -->
        <test-method is-config="true" signature="login()[pri:0, instance:demo.Demo3Test@7ce3cb8e]" started-at="2024-06-02T17:57:23 IST" name="login" finished-at="2024-06-02T17:57:25 IST" duration-ms="1793" status="PASS">
          <reporter-output>
          </reporter-output>
        </test-method> <!-- login -->
        <test-method signature="demo3Test()[pri:0, instance:demo.Demo3Test@7ce3cb8e]" started-at="2024-06-02T17:57:25 IST" name="demo3Test" finished-at="2024-06-02T17:57:25 IST" duration-ms="2" status="PASS">
          <reporter-output>
            <line>
              <![CDATA[demo3Test test script has started execution]]>
            </line>
            <line>
              <![CDATA[Demo 3 Executing]]>
            </line>
            <line>
              <![CDATA[demo3Test test script has successfully executed]]>
            </line>
          </reporter-output>
        </test-method> <!-- demo3Test -->
        <test-method is-config="true" signature="logout()[pri:0, instance:demo.Demo3Test@7ce3cb8e]" started-at="2024-06-02T17:57:25 IST" name="logout" finished-at="2024-06-02T17:57:26 IST" duration-ms="786" status="PASS">
          <reporter-output>
          </reporter-output>
        </test-method> <!-- logout -->
        <test-method is-config="true" signature="closeBrowser()[pri:0, instance:demo.Demo3Test@7ce3cb8e]" started-at="2024-06-02T17:57:26 IST" name="closeBrowser" finished-at="2024-06-02T17:57:27 IST" duration-ms="1317" status="PASS">
          <reporter-output>
          </reporter-output>
        </test-method> <!-- closeBrowser -->
      </class> <!-- demo.Demo3Test -->
    </test> <!-- Surefire test -->
  </suite> <!-- Surefire suite -->
</testng-results>
