<?xml version="1.0" encoding="UTF-8"?>
<!-- Generated by org.testng.reporters.JUnitXMLReporter -->
<testsuite ignored="0" hostname="Manoj_Kumar_M" failures="1" tests="3" name="Test" time="23.21" errors="0" timestamp="2024-05-19T17:58:26 IST">
  <testcase classname="demo.Demo2" name="demo2" time="0.016"/>
  <testcase classname="demo.Demo" name="demo" time="0.005">
    <failure type="java.lang.AssertionError" message="null">
      <![CDATA[java.lang.AssertionError: null
at demo.Demo.demo(Demo.java:13)
at java.base/java.util.ArrayList.forEach(ArrayList.java:1511)
... Removed 29 stack frames]]>
    </failure>
  </testcase> <!-- demo -->
  <testcase classname="demo.Demo3" name="demo3" time="0.003"/>
</testsuite> <!-- Test -->
