<?xml version="1.0" encoding="UTF-8"?>
<!-- Generated by org.testng.reporters.JUnitXMLReporter -->
<testsuite ignored="0" hostname="Manoj_Kumar_M" failures="1" tests="1" name="Test" time="7.994" errors="0" timestamp="2024-05-19T16:48:28 IST">
  <testcase classname="demo.Demo" name="demo" time="0.02">
    <failure type="java.lang.AssertionError" message="null">
      <![CDATA[java.lang.AssertionError: null
at demo.Demo.demo(Demo.java:13)
at java.base/java.util.ArrayList.forEach(ArrayList.java:1511)
... Removed 29 stack frames]]>
    </failure>
  </testcase> <!-- demo -->
</testsuite> <!-- Test -->
