<?xml version="1.0" encoding="UTF-8"?>
<!-- Generated by org.testng.reporters.JUnitXMLReporter -->
<testsuite ignored="0" hostname="Manoj_Kumar_M" failures="0" tests="9" name="Surefire test" time="59.634" errors="0" timestamp="2024-06-02T17:58:10 IST">
  <testcase classname="demo.AddAdressTest" name="addAddressTest" time="0.03"/>
  <testcase classname="demo.Demo3Test" name="demo3Test" time="0.002"/>
  <testcase classname="demo.DemoTest" name="demoTest" time="0.403"/>
  <testcase classname="shopperstack.functionalscripts.LoginFunctionalTest" name="loginTest" time="6.965"/>
  <testcase classname="shopperstack.functionalscripts.LoginFunctionalTest" name="loginTest" time="6.921"/>
  <testcase classname="shopperstack.functionalscripts.LoginFunctionalTest" name="loginTest" time="6.743"/>
  <testcase classname="shopperstack.functionalscripts.LoginFunctionalTest" name="loginTest" time="6.906"/>
  <testcase classname="shopperstack.functionalscripts.LoginFunctionalTest" name="loginTest" time="6.788"/>
  <testcase classname="shopperstack.functionalscripts.LoginFunctionalTest" name="loginTest" time="7.056"/>
</testsuite> <!-- Surefire test -->
